<?xml version="1.0" encoding="UTF-8"?>
<!-- Generated by org.testng.reporters.JUnitReportReporter -->
<testsuite hostname="LTIN200789" failures="0" tests="8" name="testCases.TC003_FreeListing" time="-1706764160.000" errors="1" timestamp="2024-02-01T10:38:00 IST" skipped="7">
  <testcase classname="testCases.TC003_FreeListing" name="setup" time="-1706764160.000">
    <error message="
Parameter &#039;os&#039; is required by BeforeClass on method setup but has not been marked @Optional or defined
in C:\Users\2303535\AppData\Local\Temp\1\testng-eclipse--606526354\testng-customsuite.xml" type="org.testng.TestNGException">
      <![CDATA[org.testng.TestNGException: 
Parameter 'os' is required by BeforeClass on method setup but has not been marked @Optional or defined
in C:\Users\2303535\AppData\Local\Temp\1\testng-eclipse--606526354\testng-customsuite.xml
at org.testng.internal.Parameters.createParams(Parameters.java:267)
at org.testng.internal.Parameters.createParametersForMethod(Parameters.java:355)
at org.testng.internal.Parameters.createParameters(Parameters.java:684)
at org.testng.internal.Parameters.createConfigurationParameters(Parameters.java:166)
at org.testng.internal.invokers.ConfigInvoker.invokeConfigurations(ConfigInvoker.java:277)
at org.testng.internal.invokers.TestMethodWorker.invokeBeforeClassMethods(TestMethodWorker.java:180)
at org.testng.internal.invokers.TestMethodWorker.run(TestMethodWorker.java:122)
at java.base/java.util.ArrayList.forEach(ArrayList.java:1511)
at org.testng.TestRunner.privateRun(TestRunner.java:829)
at org.testng.TestRunner.run(TestRunner.java:602)
at org.testng.SuiteRunner.runTest(SuiteRunner.java:437)
at org.testng.SuiteRunner.runSequentially(SuiteRunner.java:431)
at org.testng.SuiteRunner.privateRun(SuiteRunner.java:391)
at org.testng.SuiteRunner.run(SuiteRunner.java:330)
at org.testng.SuiteRunnerWorker.runSuite(SuiteRunnerWorker.java:52)
at org.testng.SuiteRunnerWorker.run(SuiteRunnerWorker.java:95)
at org.testng.TestNG.runSuitesSequentially(TestNG.java:1256)
at org.testng.TestNG.runSuitesLocally(TestNG.java:1176)
at org.testng.TestNG.runSuites(TestNG.java:1099)
at org.testng.TestNG.run(TestNG.java:1067)
at org.testng.remote.AbstractRemoteTestNG.run(AbstractRemoteTestNG.java:115)
at org.testng.remote.RemoteTestNG.initAndRun(RemoteTestNG.java:251)
at org.testng.remote.RemoteTestNG.main(RemoteTestNG.java:77)
]]>
    </error>
  </testcase> <!-- setup -->
  <system-out/>
  <testcase classname="testCases.TC003_FreeListing" name="locationCountry" time="0.001">
    <skipped/>
  </testcase> <!-- locationCountry -->
  <system-out/>
  <testcase classname="testCases.TC003_FreeListing" name="locationCity" time="0.000">
    <skipped/>
  </testcase> <!-- locationCity -->
  <system-out/>
  <testcase classname="testCases.TC003_FreeListing" name="searchCarWash" time="0.001">
    <skipped/>
  </testcase> <!-- searchCarWash -->
  <system-out/>
  <testcase classname="testCases.TC003_FreeListing" name="carWashDetails" time="0.000">
    <skipped/>
  </testcase> <!-- carWashDetails -->
  <system-out/>
  <testcase classname="testCases.TC003_FreeListing" name="shareDetails" time="0.001">
    <skipped/>
  </testcase> <!-- shareDetails -->
  <system-out/>
  <testcase classname="testCases.TC003_FreeListing" name="clickfreelisting" time="0.001">
    <skipped/>
  </testcase> <!-- clickfreelisting -->
  <system-out/>
  <testcase classname="testCases.TC003_FreeListing" name="freeListingLogin" time="0.001">
    <skipped/>
  </testcase> <!-- freeListingLogin -->
  <system-out/>
</testsuite> <!-- testCases.TC003_FreeListing -->
